#
# There is insufficient memory for the Java Runtime Environment to continue.
# Native memory allocation (mmap) failed to map 524288000 bytes. Error detail: G1 virtual space
# Possible reasons:
#   The system is out of physical RAM or swap space
#   This process is running with CompressedOops enabled, and the Java Heap may be blocking the growth of the native heap
# Possible solutions:
#   Reduce memory load on the system
#   Increase physical memory or swap space
#   Check if swap backing store is full
#   Decrease Java heap size (-Xmx/-Xms)
#   Decrease number of Java threads
#   Decrease Java thread stack sizes (-Xss)
#   Set larger code cache with -XX:ReservedCodeCacheSize=
#   JVM is running with Zero Based Compressed Oops mode in which the Java heap is
#     placed in the first 32GB address space. The Java Heap base address is the
#     maximum limit for the native heap growth. Please use -XX:HeapBaseMinAddress
#     to set the Java Heap base and to place the Java Heap above 32GB virtual address.
# This output file may be truncated or incomplete.
#
#  Out of Memory Error (os_windows.cpp:3703), pid=36824, tid=10108
#
# JRE version:  (23.0.1+11) (build )
# Java VM: Java HotSpot(TM) 64-Bit Server VM (23.0.1+11-39, mixed mode, sharing, tiered, compressed oops, compressed class ptrs, g1 gc, windows-amd64)
# No core dump will be written. Minidumps are not enabled by default on client versions of Windows
#

---------------  S U M M A R Y ------------

Command Line: -Dclassworlds.conf=C:\Users\yayaa\Desktop\OneDrive - Danmarks Tekniske Universitet\Januar\apache-maven-3.9.9-bin\apache-maven-3.9.9\bin\m2.conf -Dmaven.home=C:\Users\yayaa\Desktop\OneDrive - Danmarks Tekniske Universitet\Januar\apache-maven-3.9.9-bin\apache-maven-3.9.9 -Dlibrary.jansi.path=C:\Users\yayaa\Desktop\OneDrive - Danmarks Tekniske Universitet\Januar\apache-maven-3.9.9-bin\apache-maven-3.9.9\lib\jansi-native -Dmaven.multiModuleProjectDirectory=C:\Users\yayaa\Documents\GitHub\02148-tank-wars org.codehaus.plexus.classworlds.launcher.Launcher javafx:run

Host: AMD Ryzen 7 7800X3D 8-Core Processor           , 16 cores, 31G,  Windows 11 , 64 bit Build 26100 (10.0.26100.2454)
Time: Thu Jan 16 22:45:02 2025 Romance Standard Time elapsed time: 1.055100 seconds (0d 0h 0m 1s)

---------------  T H R E A D  ---------------

Current thread (0x000002642e4f44c0):  JavaThread "Unknown thread" [_thread_in_vm, id=10108, stack(0x000000a6db700000,0x000000a6db800000) (1024K)]

Stack: [0x000000a6db700000,0x000000a6db800000]
Native frames: (J=compiled Java code, j=interpreted, Vv=VM code, C=native code)
V  [jvm.dll+0x6e08b9]  (no source info available)
V  [jvm.dll+0x87dc83]  (no source info available)
V  [jvm.dll+0x88010e]  (no source info available)
V  [jvm.dll+0x8807e3]  (no source info available)
V  [jvm.dll+0x27aee6]  (no source info available)
V  [jvm.dll+0x6dd1c5]  (no source info available)
V  [jvm.dll+0x6d104a]  (no source info available)
V  [jvm.dll+0x35b3ea]  (no source info available)
V  [jvm.dll+0x3637f6]  (no source info available)
V  [jvm.dll+0x34fd5e]  (no source info available)
V  [jvm.dll+0x34fff8]  (no source info available)
V  [jvm.dll+0x3289cc]  (no source info available)
V  [jvm.dll+0x32966e]  (no source info available)
V  [jvm.dll+0x844355]  (no source info available)
V  [jvm.dll+0x3b9848]  (no source info available)
V  [jvm.dll+0x82d14c]  (no source info available)
V  [jvm.dll+0x454d4e]  (no source info available)
V  [jvm.dll+0x456bd1]  (no source info available)
C  [jli.dll+0x52a3]  (no source info available)
C  [ucrtbase.dll+0x14ea0]  (no source info available)
C  [KERNEL32.DLL+0x2e8d7]  (no source info available)
C  [ntdll.dll+0xdfbcc]  (no source info available)

Lock stack of current Java thread (top to bottom):


---------------  P R O C E S S  ---------------

Threads class SMR info:
_java_thread_list=0x00007ffe9c143618, length=0, elements={
}

Java Threads: ( => current thread )
Total: 0

Other Threads:
  0x0000026430974a00 WorkerThread "GC Thread#0"                     [id=21772, stack(0x000000a6db800000,0x000000a6db900000) (1024K)]
  0x0000026430989fd0 ConcurrentGCThread "G1 Main Marker"            [id=14608, stack(0x000000a6db900000,0x000000a6dba00000) (1024K)]
  0x000002643098b280 WorkerThread "G1 Conc#0"                       [id=35412, stack(0x000000a6dba00000,0x000000a6dbb00000) (1024K)]

[error occurred during error reporting (printing all threads), id 0xc0000005, EXCEPTION_ACCESS_VIOLATION (0xc0000005) at pc=0x00007ffe9b88bfba]
VM state: not at safepoint (not fully initialized)

VM Mutex/Monitor currently owned by a thread:  ([mutex/lock_event])
[0x00007ffe9c1c3a10] Heap_lock - owner thread: 0x000002642e4f44c0

Heap address: 0x000000060e400000, size: 7964 MB, Compressed Oops mode: Zero based, Oop shift amount: 3

CDS archive(s) mapped at: [0x0000000000000000-0x0000000000000000-0x0000000000000000), size 0, SharedBaseAddress: 0x0000000800000000, ArchiveRelocationMode: 1.
Narrow klass base: 0x0000000000000000, Narrow klass shift: 0, Narrow klass range: 0x0

GC Precious Log:
 CardTable entry size: 512
 Card Set container configuration: InlinePtr #cards 4 size 8 Array Of Cards #cards 32 size 80 Howl #buckets 8 coarsen threshold 7372 Howl Bitmap #cards 1024 size 144 coarsen threshold 921 Card regions per heap region 1 cards per card region 8192

Heap:
 garbage-first heap   total reserved 8155136K, committed 0K, used 0K [0x000000060e400000, 0x0000000800000000)
  region size 4096K, 0 young (0K), 0 survivors (0K)

[error occurred during error reporting (printing heap information), id 0xc0000005, EXCEPTION_ACCESS_VIOLATION (0xc0000005) at pc=0x00007ffe9bc8c3c9]
GC Heap History (0 events):
No events

Dll operation events (1 events):
Event: 0.005 Loaded shared library C:\Program Files\Java\jdk-23\bin\java.dll

Deoptimization events (0 events):
No events

Classes loaded (0 events):
No events

Classes unloaded (0 events):
No events

Classes redefined (0 events):
No events

Internal exceptions (0 events):
No events

VM Operations (0 events):
No events

Memory protections (0 events):
No events

Nmethod flushes (0 events):
No events

Events (0 events):
No events


Dynamic libraries:
0x00007ff7e8d80000 - 0x00007ff7e8d90000 	C:\Program Files\Java\jdk-23\bin\java.exe
0x00007ffedf8a0000 - 0x00007ffedfb03000 	C:\WINDOWS\SYSTEM32\ntdll.dll
0x00007ffedeac0000 - 0x00007ffedeb88000 	C:\WINDOWS\System32\KERNEL32.DLL
0x00007ffedcdd0000 - 0x00007ffedd182000 	C:\WINDOWS\System32\KERNELBASE.dll
0x00007ffedd190000 - 0x00007ffedd2db000 	C:\WINDOWS\System32\ucrtbase.dll
0x00007ffed77c0000 - 0x00007ffed77d7000 	C:\Program Files\Java\jdk-23\bin\jli.dll
0x00007ffed77a0000 - 0x00007ffed77bb000 	C:\Program Files\Java\jdk-23\bin\VCRUNTIME140.dll
0x00007ffedd700000 - 0x00007ffedd8c8000 	C:\WINDOWS\System32\USER32.dll
0x00007ffedcda0000 - 0x00007ffedcdc7000 	C:\WINDOWS\System32\win32u.dll
0x00007ffebd810000 - 0x00007ffebdaa0000 	C:\WINDOWS\WinSxS\amd64_microsoft.windows.common-controls_6595b64144ccf1df_6.0.26100.2454_none_3e0b68a2e331ad60\COMCTL32.dll
0x00007ffedf450000 - 0x00007ffedf47a000 	C:\WINDOWS\System32\GDI32.dll
0x00007ffede310000 - 0x00007ffede3b9000 	C:\WINDOWS\System32\msvcrt.dll
0x00007ffedcc70000 - 0x00007ffedcd9b000 	C:\WINDOWS\System32\gdi32full.dll
0x00007ffedd2e0000 - 0x00007ffedd383000 	C:\WINDOWS\System32\msvcp_win.dll
0x00007ffede3c0000 - 0x00007ffede3ef000 	C:\WINDOWS\System32\IMM32.DLL
0x00007ffed7750000 - 0x00007ffed775c000 	C:\Program Files\Java\jdk-23\bin\vcruntime140_1.dll
0x00007ffed76c0000 - 0x00007ffed774e000 	C:\Program Files\Java\jdk-23\bin\msvcp140.dll
0x00007ffe9b550000 - 0x00007ffe9c29f000 	C:\Program Files\Java\jdk-23\bin\server\jvm.dll
0x00007ffedd8d0000 - 0x00007ffedd984000 	C:\WINDOWS\System32\ADVAPI32.dll
0x00007ffedeb90000 - 0x00007ffedec36000 	C:\WINDOWS\System32\sechost.dll
0x00007ffedda70000 - 0x00007ffeddb86000 	C:\WINDOWS\System32\RPCRT4.dll
0x00007ffedf3d0000 - 0x00007ffedf444000 	C:\WINDOWS\System32\WS2_32.dll
0x00007ffedc2d0000 - 0x00007ffedc31e000 	C:\WINDOWS\SYSTEM32\POWRPROF.dll
0x00007ffecd6b0000 - 0x00007ffecd6e6000 	C:\WINDOWS\SYSTEM32\WINMM.dll
0x00007ffed6580000 - 0x00007ffed658b000 	C:\WINDOWS\SYSTEM32\VERSION.dll
0x00007ffedc2b0000 - 0x00007ffedc2c4000 	C:\WINDOWS\SYSTEM32\UMPDC.dll
0x00007ffedba70000 - 0x00007ffedba8a000 	C:\WINDOWS\SYSTEM32\kernel.appcore.dll
0x00007ffed76b0000 - 0x00007ffed76ba000 	C:\Program Files\Java\jdk-23\bin\jimage.dll
0x00007ffeda530000 - 0x00007ffeda771000 	C:\WINDOWS\SYSTEM32\DBGHELP.DLL
0x00007ffeddc40000 - 0x00007ffeddfbe000 	C:\WINDOWS\System32\combase.dll
0x00007ffedf480000 - 0x00007ffedf556000 	C:\WINDOWS\System32\OLEAUT32.dll
0x00007ffe6f2a0000 - 0x00007ffe6f2d9000 	C:\WINDOWS\SYSTEM32\dbgcore.DLL
0x00007ffedd5d0000 - 0x00007ffedd669000 	C:\WINDOWS\System32\bcryptPrimitives.dll
0x00007ffed6ce0000 - 0x00007ffed6cfe000 	C:\Program Files\Java\jdk-23\bin\java.dll
0x00007ffeddfd0000 - 0x00007ffede169000 	C:\WINDOWS\System32\ole32.dll
0x00007ffedec40000 - 0x00007ffedf340000 	C:\WINDOWS\System32\SHELL32.dll

dbghelp: loaded successfully - version: 4.0.5 - missing functions: none
symbol engine: initialized successfully - sym options: 0x614 - pdb path: .;C:\Program Files\Java\jdk-23\bin;C:\WINDOWS\SYSTEM32;C:\WINDOWS\WinSxS\amd64_microsoft.windows.common-controls_6595b64144ccf1df_6.0.26100.2454_none_3e0b68a2e331ad60;C:\Program Files\Java\jdk-23\bin\server

VM Arguments:
jvm_args: -Dclassworlds.conf=C:\Users\yayaa\Desktop\OneDrive - Danmarks Tekniske Universitet\Januar\apache-maven-3.9.9-bin\apache-maven-3.9.9\bin\m2.conf -Dmaven.home=C:\Users\yayaa\Desktop\OneDrive - Danmarks Tekniske Universitet\Januar\apache-maven-3.9.9-bin\apache-maven-3.9.9 -Dlibrary.jansi.path=C:\Users\yayaa\Desktop\OneDrive - Danmarks Tekniske Universitet\Januar\apache-maven-3.9.9-bin\apache-maven-3.9.9\lib\jansi-native -Dmaven.multiModuleProjectDirectory=C:\Users\yayaa\Documents\GitHub\02148-tank-wars 
java_command: org.codehaus.plexus.classworlds.launcher.Launcher javafx:run
java_class_path (initial): C:\Users\yayaa\Desktop\OneDrive - Danmarks Tekniske Universitet\Januar\apache-maven-3.9.9-bin\apache-maven-3.9.9\boot\plexus-classworlds-2.8.0.jar
Launcher Type: SUN_STANDARD

[Global flags]
     intx CICompilerCount                          = 12                                        {product} {ergonomic}
     uint ConcGCThreads                            = 3                                         {product} {ergonomic}
     uint G1ConcRefinementThreads                  = 13                                        {product} {ergonomic}
   size_t G1HeapRegionSize                         = 4194304                                   {product} {ergonomic}
   size_t InitialHeapSize                          = 524288000                                 {product} {ergonomic}
   size_t MarkStackSize                            = 4194304                                   {product} {ergonomic}
   size_t MarkStackSizeMax                         = 536870912                                 {product} {ergonomic}
   size_t MaxHeapSize                              = 8350859264                                {product} {ergonomic}
   size_t MinHeapDeltaBytes                        = 4194304                                   {product} {ergonomic}
   size_t MinHeapSize                              = 8388608                                   {product} {ergonomic}
    uintx NonNMethodCodeHeapSize                   = 7602176                                {pd product} {ergonomic}
    uintx NonProfiledCodeHeapSize                  = 122093568                              {pd product} {ergonomic}
     bool PerfDisableSharedMem                     = true                                      {product} {ergonomic}
    uintx ProfiledCodeHeapSize                     = 121962496                              {pd product} {ergonomic}
    uintx ReservedCodeCacheSize                    = 251658240                              {pd product} {ergonomic}
     bool SegmentedCodeCache                       = true                                      {product} {ergonomic}
   size_t SoftMaxHeapSize                          = 8350859264                             {manageable} {ergonomic}
     bool UseCompressedOops                        = true                           {product lp64_product} {ergonomic}
     bool UseG1GC                                  = true                                      {product} {ergonomic}
     bool UseLargePagesIndividualAllocation        = false                                  {pd product} {ergonomic}

Logging:
Log output configuration:
 #0: stdout all=warning uptime,level,tags foldmultilines=false
 #1: stderr all=off uptime,level,tags foldmultilines=false

Environment Variables:
JAVA_HOME=C:\Program Files\Java\jdk-23
PATH=C:\Program Files\Common Files\Oracle\Java\javapath;C:\Program Files (x86)\Common Files\Oracle\Java\java8path;C:\Program Files (x86)\Common Files\Oracle\Java\javapath;C:\Program Files\OpenLogic\jdk-22.0.2.9-hotspot\bin;C:\WINDOWS\system32;C:\WINDOWS;C:\WINDOWS\System32\Wbem;C:\WINDOWS\System32\WindowsPowerShell\v1.0\;C:\WINDOWS\System32\OpenSSH\;C:\Program Files (x86)\NVIDIA Corporation\PhysX\Common;C:\Program Files\dotnet\;C:\Program Files\NVIDIA Corporation\NVIDIA app\NvDLISR;C:\Program Files\Cloudflare\Cloudflare WARP\;C:\Program Files\nodejs\;C:\Program Files\Docker\Docker\resources\bin;C:\Program Files\Vagrant\bin;C:\MinGW\bin;C:\Program Files\Git\cmd;C:\Users\yayaa\Desktop\OneDrive - Danmarks Tekniske Universitet\Januar\apache-maven-3.9.9-bin\apache-maven-3.9.9\bin;C:\Users\yayaa\Downloads\apache-maven-3.9.9-bin\apache-maven-3.9.9\bin;C:\Program Files\PowerShell\7\;C:\Program Files\Java\jdk-23\bin;C:\Users\yayaa\AppData\Local\Microsoft\WindowsApps;C:\Users\yayaa\AppData\Local\GitHubDesktop\bin;C:\Users\yayaa\AppData\Local\Programs\Microsoft VS Code\bin;C:\Users\yayaa\.dotnet\tools;C:\Users\yayaa\AppData\Roaming\npm;C:\Users\yayaa\Desktop\OneDrive - Danmarks Tekniske Universitet\Januar\apache-maven-3.9.9-bin\apache-maven-3.9.9\bin;C:\Users\yayaa\Downloads\apache-maven-3.9.9-bin\apache-maven-3.9.9\bin;C:\Users\yayaa\Desktop\OneDrive - Danmarks Tekniske Universitet\DTU-ASUS Årgang 22\Software-teknologi\Java FX\windows-x64-jdk-19+fx-19\jdk-19+fx-19\bin;C:\Users\yayaa\Downloads\openjfx-23.0.1_windows-x64_bin-sdk\javafx-sdk-23.0.1\bin;C:\Program Files\Java\jre1.8.0_431\bin;C:\Program Files\Java\jdk-23\bin;
USERNAME=User
OS=Windows_NT
PROCESSOR_IDENTIFIER=AMD64 Family 25 Model 97 Stepping 2, AuthenticAMD
TMP=C:\Users\yayaa\AppData\Local\Temp
TEMP=C:\Users\yayaa\AppData\Local\Temp




Periodic native trim disabled

---------------  S Y S T E M  ---------------

OS:
 Windows 11 , 64 bit Build 26100 (10.0.26100.2454)
OS uptime: 0 days 11:36 hours
Hyper-V role detected

CPU: total 16 (initial active 16) (16 cores per cpu, 2 threads per core) family 25 model 97 stepping 2 microcode 0xa601209, cx8, cmov, fxsr, ht, mmx, 3dnowpref, sse, sse2, sse3, ssse3, sse4a, sse4.1, sse4.2, popcnt, lzcnt, tsc, tscinvbit, avx, avx2, aes, erms, clmul, bmi1, bmi2, adx, avx512f, avx512dq, avx512cd, avx512bw, avx512vl, sha, fma, vzeroupper, avx512_vpopcntdq, avx512_vpclmulqdq, avx512_vaes, avx512_vnni, clflush, clflushopt, avx512_vbmi2, avx512_vbmi, hv, rdtscp, rdpid, fsrm, gfni, avx512_bitalg, f16c, cet_ss, avx512_ifma
Processor Information for the first 16 processors :
  Max Mhz: 4201, Current Mhz: 4201, Mhz Limit: 4201

Memory: 4k page, system-wide physical 31849M (16539M free)
TotalPageFile size 41753M (AvailPageFile size 230M)
current process WorkingSet (physical memory assigned to process): 13M, peak: 13M
current process commit charge ("private bytes"): 71M, peak: 571M

vm_info: Java HotSpot(TM) 64-Bit Server VM (23.0.1+11-39) for windows-amd64 JRE (23.0.1+11-39), built on 2024-09-30T07:20:43Z with MS VC++ 17.6 (VS2022)

END.
